[16-Jun-2016 11:31:50 UTC] PHP Warning:  require(/home/ubuntu/workspace/lessons/laravel/3-routes-views-controllers/bootstrap/../vendor/autoload.php): failed to open stream: No such file or directory in /home/ubuntu/workspace/lessons/laravel/3-routes-views-controllers/bootstrap/autoload.php on line 17
[16-Jun-2016 11:31:50 UTC] PHP Stack trace:
[16-Jun-2016 11:31:50 UTC] PHP   1. {main}() /home/ubuntu/workspace/lessons/laravel/3-routes-views-controllers/public/index.php:0
[16-Jun-2016 11:31:50 UTC] PHP   2. require() /home/ubuntu/workspace/lessons/laravel/3-routes-views-controllers/public/index.php:22
[16-Jun-2016 11:31:50 UTC] PHP Fatal error:  require(): Failed opening required '/home/ubuntu/workspace/lessons/laravel/3-routes-views-controllers/bootstrap/../vendor/autoload.php' (include_path='.:/usr/share/php:/usr/share/pear') in /home/ubuntu/workspace/lessons/laravel/3-routes-views-controllers/bootstrap/autoload.php on line 17
[16-Jun-2016 11:31:50 UTC] PHP Stack trace:
[16-Jun-2016 11:31:50 UTC] PHP   1. {main}() /home/ubuntu/workspace/lessons/laravel/3-routes-views-controllers/public/index.php:0
[16-Jun-2016 11:31:50 UTC] PHP   2. require() /home/ubuntu/workspace/lessons/laravel/3-routes-views-controllers/public/index.php:22
[16-Jun-2016 11:31:57 UTC] PHP Warning:  require(/home/ubuntu/workspace/lessons/laravel/3-routes-views-controllers/bootstrap/../vendor/autoload.php): failed to open stream: No such file or directory in /home/ubuntu/workspace/lessons/laravel/3-routes-views-controllers/bootstrap/autoload.php on line 17
[16-Jun-2016 11:31:57 UTC] PHP Stack trace:
[16-Jun-2016 11:31:57 UTC] PHP   1. {main}() /home/ubuntu/workspace/lessons/laravel/3-routes-views-controllers/public/index.php:0
[16-Jun-2016 11:31:57 UTC] PHP   2. require() /home/ubuntu/workspace/lessons/laravel/3-routes-views-controllers/public/index.php:22
[16-Jun-2016 11:31:57 UTC] PHP Fatal error:  require(): Failed opening required '/home/ubuntu/workspace/lessons/laravel/3-routes-views-controllers/bootstrap/../vendor/autoload.php' (include_path='.:/usr/share/php:/usr/share/pear') in /home/ubuntu/workspace/lessons/laravel/3-routes-views-controllers/bootstrap/autoload.php on line 17
[16-Jun-2016 11:31:57 UTC] PHP Stack trace:
[16-Jun-2016 11:31:57 UTC] PHP   1. {main}() /home/ubuntu/workspace/lessons/laravel/3-routes-views-controllers/public/index.php:0
[16-Jun-2016 11:31:57 UTC] PHP   2. require() /home/ubuntu/workspace/lessons/laravel/3-routes-views-controllers/public/index.php:22
[16-Jun-2016 12:03:27 UTC] PHP Fatal error:  Call to undefined function asset_secure() in /home/ubuntu/workspace/lessons/laravel/3-routes-views-controllers/storage/framework/views/54b4b46c6ca1b527e06d6c7d73b6efd3b6b2efc3.php on line 14
[16-Jun-2016 12:03:27 UTC] PHP Stack trace:
[16-Jun-2016 12:03:27 UTC] PHP   1. {main}() /home/ubuntu/workspace/lessons/laravel/3-routes-views-controllers/public/index.php:0
[16-Jun-2016 12:03:27 UTC] PHP   2. Illuminate\Foundation\Http\Kernel->handle($request = *uninitialized*) /home/ubuntu/workspace/lessons/laravel/3-routes-views-controllers/public/index.php:54
[16-Jun-2016 12:03:27 UTC] PHP   3. Illuminate\Foundation\Http\Kernel->sendRequestThroughRouter($request = *uninitialized*) /home/ubuntu/workspace/lessons/laravel/3-routes-views-controllers/vendor/laravel/framework/src/Illuminate/Foundation/Http/Kernel.php:99
[16-Jun-2016 12:03:27 UTC] PHP   4. Illuminate\Pipeline\Pipeline->then($destination = *uninitialized*) /home/ubuntu/workspace/lessons/laravel/3-routes-views-controllers/vendor/laravel/framework/src/Illuminate/Foundation/Http/Kernel.php:132
[16-Jun-2016 12:03:27 UTC] PHP   5. call_user_func:{/home/ubuntu/workspace/lessons/laravel/3-routes-views-controllers/vendor/laravel/framework/src/Illuminate/Pipeline/Pipeline.php:103}(*uninitialized*, *uninitialized*) /home/ubuntu/workspace/lessons/laravel/3-routes-views-controllers/vendor/laravel/framework/src/Illuminate/Pipeline/Pipeline.php:103
[16-Jun-2016 12:03:27 UTC] PHP   6. Illuminate\Routing\Pipeline->Illuminate\Routing\{closure}($passable = *uninitialized*) /home/ubuntu/workspace/lessons/laravel/3-routes-views-controllers/vendor/laravel/framework/src/Illuminate/Pipeline/Pipeline.php:103
[16-Jun-2016 12:03:27 UTC] PHP   7. call_user_func:{/home/ubuntu/workspace/lessons/laravel/3-routes-views-controllers/vendor/laravel/framework/src/Illuminate/Routing/Pipeline.php:32}(*uninitialized*, *uninitialized*) /home/ubuntu/workspace/lessons/laravel/3-routes-views-controllers/vendor/laravel/framework/src/Illuminate/Routing/Pipeline.php:32
[16-Jun-2016 12:03:27 UTC] PHP   8. Illuminate\Pipeline\Pipeline->Illuminate\Pipeline\{closure}($passable = *uninitialized*) /home/ubuntu/workspace/lessons/laravel/3-routes-views-controllers/vendor/laravel/framework/src/Illuminate/Routing/Pipeline.php:32
[16-Jun-2016 12:03:27 UTC] PHP   9. call_user_func_array:{/home/ubuntu/workspace/lessons/laravel/3-routes-views-controllers/vendor/laravel/framework/src/Illuminate/Pipeline/Pipeline.php:136}(*uninitialized*, *uninitialized*) /home/ubuntu/workspace/lessons/laravel/3-routes-views-controllers/vendor/laravel/framework/src/Illuminate/Pipeline/Pipeline.php:136
[16-Jun-2016 12:03:27 UTC] PHP  10. Illuminate\Foundation\Http\Middleware\CheckForMaintenanceMode->handle($request = *uninitialized*, $next = *uninitialized*) /home/ubuntu/workspace/lessons/laravel/3-routes-views-controllers/vendor/laravel/framework/src/Illuminate/Pipeline/Pipeline.php:136
[16-Jun-2016 12:03:27 UTC] PHP  11. Illuminate\Routing\Pipeline->Illuminate\Routing\{closure}($passable = *uninitialized*) /home/ubuntu/workspace/lessons/laravel/3-routes-views-controllers/vendor/laravel/framework/src/Illuminate/Foundation/Http/Middleware/CheckForMaintenanceMode.php:44
[16-Jun-2016 12:03:27 UTC] PHP  12. call_user_func:{/home/ubuntu/workspace/lessons/laravel/3-routes-views-controllers/vendor/laravel/framework/src/Illuminate/Routing/Pipeline.php:52}(*uninitialized*, *uninitialized*) /home/ubuntu/workspace/lessons/laravel/3-routes-views-controllers/vendor/laravel/framework/src/Illuminate/Routing/Pipeline.php:52
[16-Jun-2016 12:03:27 UTC] PHP  13. Illuminate\Foundation\Http\Kernel->Illuminate\Foundation\Http\{closure}($request = *uninitialized*) /home/ubuntu/workspace/lessons/laravel/3-routes-views-controllers/vendor/laravel/framework/src/Illuminate/Routing/Pipeline.php:52
[16-Jun-2016 12:03:27 UTC] PHP  14. Illuminate\Routing\Router->dispatch($request = *uninitialized*) /home/ubuntu/workspace/lessons/laravel/3-routes-views-controllers/vendor/laravel/framework/src/Illuminate/Foundation/Http/Kernel.php:246
[16-Jun-2016 12:03:27 UTC] PHP  15. Illuminate\Routing\Router->dispatchToRoute($request = *uninitialized*) /home/ubuntu/workspace/lessons/laravel/3-routes-views-controllers/vendor/laravel/framework/src/Illuminate/Routing/Router.php:675
[16-Jun-2016 12:03:27 UTC] PHP  16. Illuminate\Routing\Router->runRouteWithinStack($route = *uninitialized*, $request = *uninitialized*) /home/ubuntu/workspace/lessons/laravel/3-routes-views-controllers/vendor/laravel/framework/src/Illuminate/Routing/Router.php:699
[16-Jun-2016 12:03:27 UTC] PHP  17. Illuminate\Pipeline\Pipeline->then($destination = *uninitialized*) /home/ubuntu/workspace/lessons/laravel/3-routes-views-controllers/vendor/laravel/framework/src/Illuminate/Routing/Router.php:726
[16-Jun-2016 12:03:27 UTC] PHP  18. call_user_func:{/home/ubuntu/workspace/lessons/laravel/3-routes-views-controllers/vendor/laravel/framework/src/Illuminate/Pipeline/Pipeline.php:103}(*uninitialized*, *uninitialized*) /home/ubuntu/workspace/lessons/laravel/3-routes-views-controllers/vendor/laravel/framework/src/Illuminate/Pipeline/Pipeline.php:103
[16-Jun-2016 12:03:27 UTC] PHP  19. Illuminate\Routing\Pipeline->Illuminate\Routing\{closure}($passable = *uninitialized*) /home/ubuntu/workspace/lessons/laravel/3-routes-views-controllers/vendor/laravel/framework/src/Illuminate/Pipeline/Pipeline.php:103
[16-Jun-2016 12:03:27 UTC] PHP  20. call_user_func:{/home/ubuntu/workspace/lessons/laravel/3-routes-views-controllers/vendor/laravel/framework/src/Illuminate/Routing/Pipeline.php:32}(*uninitialized*, *uninitialized*) /home/ubuntu/workspace/lessons/laravel/3-routes-views-controllers/vendor/laravel/framework/src/Illuminate/Routing/Pipeline.php:32
[16-Jun-2016 12:03:27 UTC] PHP  21. Illuminate\Pipeline\Pipeline->Illuminate\Pipeline\{closure}($passable = *uninitialized*) /home/ubuntu/workspace/lessons/laravel/3-routes-views-controllers/vendor/laravel/framework/src/Illuminate/Routing/Pipeline.php:32
[16-Jun-2016 12:03:27 UTC] PHP  22. call_user_func_array:{/home/ubuntu/workspace/lessons/laravel/3-routes-views-controllers/vendor/laravel/framework/src/Illuminate/Pipeline/Pipeline.php:136}(*uninitialized*, *uninitialized*) /home/ubuntu/workspace/lessons/laravel/3-routes-views-controllers/vendor/laravel/framework/src/Illuminate/Pipeline/Pipeline.php:136
[16-Jun-2016 12:03:27 UTC] PHP  23. Illuminate\Cookie\Middleware\EncryptCookies->handle($request = *uninitialized*, $next = *uninitialized*) /home/ubuntu/workspace/lessons/laravel/3-routes-views-controllers/vendor/laravel/framework/src/Illuminate/Pipeline/Pipeline.php:136
[16-Jun-2016 12:03:27 UTC] PHP  24. Illuminate\Routing\Pipeline->Illuminate\Routing\{closure}($passable = *uninitialized*) /home/ubuntu/workspace/lessons/laravel/3-routes-views-controllers/vendor/laravel/framework/src/Illuminate/Cookie/Middleware/EncryptCookies.php:59
[16-Jun-2016 12:03:27 UTC] PHP  25. call_user_func:{/home/ubuntu/workspace/lessons/laravel/3-routes-views-controllers/vendor/laravel/framework/src/Illuminate/Routing/Pipeline.php:32}(*uninitialized*, *uninitialized*) /home/ubuntu/workspace/lessons/laravel/3-routes-views-controllers/vendor/laravel/framework/src/Illuminate/Routing/Pipeline.php:32
[16-Jun-2016 12:03:27 UTC] PHP  26. Illuminate\Pipeline\Pipeline->Illuminate\Pipeline\{closure}($passable = *uninitialized*) /home/ubuntu/workspace/lessons/laravel/3-routes-views-controllers/vendor/laravel/framework/src/Illuminate/Routing/Pipeline.php:32
[16-Jun-2016 12:03:27 UTC] PHP  27. call_user_func_array:{/home/ubuntu/workspace/lessons/laravel/3-routes-views-controllers/vendor/laravel/framework/src/Illuminate/Pipeline/Pipeline.php:136}(*uninitialized*, *uninitialized*) /home/ubuntu/workspace/lessons/laravel/3-routes-views-controllers/vendor/laravel/framework/src/Illuminate/Pipeline/Pipeline.php:136
[16-Jun-2016 12:03:27 UTC] PHP  28. Illuminate\Cookie\Middleware\AddQueuedCookiesToResponse->handle($request = *uninitialized*, $next = *uninitialized*) /home/ubuntu/workspace/lessons/laravel/3-routes-views-controllers/vendor/laravel/framework/src/Illuminate/Pipeline/Pipeline.php:136
[16-Jun-2016 12:03:27 UTC] PHP  29. Illuminate\Routing\Pipeline->Illuminate\Routing\{closure}($passable = *uninitialized*) /home/ubuntu/workspace/lessons/laravel/3-routes-views-controllers/vendor/laravel/framework/src/Illuminate/Cookie/Middleware/AddQueuedCookiesToResponse.php:37
[16-Jun-2016 12:03:27 UTC] PHP  30. call_user_func:{/home/ubuntu/workspace/lessons/laravel/3-routes-views-controllers/vendor/laravel/framework/src/Illuminate/Routing/Pipeline.php:32}(*uninitialized*, *uninitialized*) /home/ubuntu/workspace/lessons/laravel/3-routes-views-controllers/vendor/laravel/framework/src/Illuminate/Routing/Pipeline.php:32
[16-Jun-2016 12:03:27 UTC] PHP  31. Illuminate\Pipeline\Pipeline->Illuminate\Pipeline\{closure}($passable = *uninitialized*) /home/ubuntu/workspace/lessons/laravel/3-routes-views-controllers/vendor/laravel/framework/src/Illuminate/Routing/Pipeline.php:32
[16-Jun-2016 12:03:27 UTC] PHP  32. call_user_func_array:{/home/ubuntu/workspace/lessons/laravel/3-routes-views-controllers/vendor/laravel/framework/src/Illuminate/Pipeline/Pipeline.php:136}(*uninitialized*, *uninitialized*) /home/ubuntu/workspace/lessons/laravel/3-routes-views-controllers/vendor/laravel/framework/src/Illuminate/Pipeline/Pipeline.php:136
[16-Jun-2016 12:03:27 UTC] PHP  33. Illuminate\Session\Middleware\StartSession->handle($request = *uninitialized*, $next = *uninitialized*) /home/ubuntu/workspace/lessons/laravel/3-routes-views-controllers/vendor/laravel/framework/src/Illuminate/Pipeline/Pipeline.php:136
[16-Jun-2016 12:03:27 UTC] PHP  34. Illuminate\Routing\Pipeline->Illuminate\Routing\{closure}($passable = *uninitialized*) /home/ubuntu/workspace/lessons/laravel/3-routes-views-controllers/vendor/laravel/framework/src/Illuminate/Session/Middleware/StartSession.php:62
[16-Jun-2016 12:03:27 UTC] PHP  35. call_user_func:{/home/ubuntu/workspace/lessons/laravel/3-routes-views-controllers/vendor/laravel/framework/src/Illuminate/Routing/Pipeline.php:32}(*uninitialized*, *uninitialized*) /home/ubuntu/workspace/lessons/laravel/3-routes-views-controllers/vendor/laravel/framework/src/Illuminate/Routing/Pipeline.php:32
[16-Jun-2016 12:03:27 UTC] PHP  36. Illuminate\Pipeline\Pipeline->Illuminate\Pipeline\{closure}($passable = *uninitialized*) /home/ubuntu/workspace/lessons/laravel/3-routes-views-controllers/vendor/laravel/framework/src/Illuminate/Routing/Pipeline.php:32
[16-Jun-2016 12:03:27 UTC] PHP  37. call_user_func_array:{/home/ubuntu/workspace/lessons/laravel/3-routes-views-controllers/vendor/laravel/framework/src/Illuminate/Pipeline/Pipeline.php:136}(*uninitialized*, *uninitialized*) /home/ubuntu/workspace/lessons/laravel/3-routes-views-controllers/vendor/laravel/framework/src/Illuminate/Pipeline/Pipeline.php:136
[16-Jun-2016 12:03:27 UTC] PHP  38. Illuminate\View\Middleware\ShareErrorsFromSession->handle($request = *uninitialized*, $next = *uninitialized*) /home/ubuntu/workspace/lessons/laravel/3-routes-views-controllers/vendor/laravel/framework/src/Illuminate/Pipeline/Pipeline.php:136
[16-Jun-2016 12:03:27 UTC] PHP  39. Illuminate\Routing\Pipeline->Illuminate\Routing\{closure}($passable = *uninitialized*) /home/ubuntu/workspace/lessons/laravel/3-routes-views-controllers/vendor/laravel/framework/src/Illuminate/View/Middleware/ShareErrorsFromSession.php:49
[16-Jun-2016 12:03:27 UTC] PHP  40. call_user_func:{/home/ubuntu/workspace/lessons/laravel/3-routes-views-controllers/vendor/laravel/framework/src/Illuminate/Routing/Pipeline.php:32}(*uninitialized*, *uninitialized*) /home/ubuntu/workspace/lessons/laravel/3-routes-views-controllers/vendor/laravel/framework/src/Illuminate/Routing/Pipeline.php:32
[16-Jun-2016 12:03:27 UTC] PHP  41. Illuminate\Pipeline\Pipeline->Illuminate\Pipeline\{closure}($passable = *uninitialized*) /home/ubuntu/workspace/lessons/laravel/3-routes-views-controllers/vendor/laravel/framework/src/Illuminate/Routing/Pipeline.php:32
[16-Jun-2016 12:03:27 UTC] PHP  42. call_user_func_array:{/home/ubuntu/workspace/lessons/laravel/3-routes-views-controllers/vendor/laravel/framework/src/Illuminate/Pipeline/Pipeline.php:136}(*uninitialized*, *uninitialized*) /home/ubuntu/workspace/lessons/laravel/3-routes-views-controllers/vendor/laravel/framework/src/Illuminate/Pipeline/Pipeline.php:136
[16-Jun-2016 12:03:27 UTC] PHP  43. Illuminate\Foundation\Http\Middleware\VerifyCsrfToken->handle($request = *uninitialized*, $next = *uninitialized*) /home/ubuntu/workspace/lessons/laravel/3-routes-views-controllers/vendor/laravel/framework/src/Illuminate/Pipeline/Pipeline.php:136
[16-Jun-2016 12:03:27 UTC] PHP  44. Illuminate\Routing\Pipeline->Illuminate\Routing\{closure}($passable = *uninitialized*) /home/ubuntu/workspace/lessons/laravel/3-routes-views-controllers/vendor/laravel/framework/src/Illuminate/Foundation/Http/Middleware/VerifyCsrfToken.php:64
[16-Jun-2016 12:03:27 UTC] PHP  45. call_user_func:{/home/ubuntu/workspace/lessons/laravel/3-routes-views-controllers/vendor/laravel/framework/src/Illuminate/Routing/Pipeline.php:52}(*uninitialized*, *uninitialized*) /home/ubuntu/workspace/lessons/laravel/3-routes-views-controllers/vendor/laravel/framework/src/Illuminate/Routing/Pipeline.php:52
[16-Jun-2016 12:03:27 UTC] PHP  46. Illuminate\Routing\Router->Illuminate\Routing\{closure}($request = *uninitialized*) /home/ubuntu/workspace/lessons/laravel/3-routes-views-controllers/vendor/laravel/framework/src/Illuminate/Routing/Pipeline.php:52
[16-Jun-2016 12:03:27 UTC] PHP  47. Illuminate\Routing\Route->run($request = *uninitialized*) /home/ubuntu/workspace/lessons/laravel/3-routes-views-controllers/vendor/laravel/framework/src/Illuminate/Routing/Router.php:724
[16-Jun-2016 12:03:27 UTC] PHP  48. Illuminate\Routing\Route->runController($request = *uninitialized*) /home/ubuntu/workspace/lessons/laravel/3-routes-views-controllers/vendor/laravel/framework/src/Illuminate/Routing/Route.php:140
[16-Jun-2016 12:03:27 UTC] PHP  49. Illuminate\Routing\ControllerDispatcher->dispatch($route = *uninitialized*, $request = *uninitialized*, $controller = *uninitialized*, $method = *uninitialized*) /home/ubuntu/workspace/lessons/laravel/3-routes-views-controllers/vendor/laravel/framework/src/Illuminate/Routing/Route.php:174
[16-Jun-2016 12:03:27 UTC] PHP  50. Illuminate\Routing\ControllerDispatcher->callWithinStack($instance = *uninitialized*, $route = *uninitialized*, $request = *uninitialized*, $method = *uninitialized*) /home/ubuntu/workspace/lessons/laravel/3-routes-views-controllers/vendor/laravel/framework/src/Illuminate/Routing/ControllerDispatcher.php:54
[16-Jun-2016 12:03:27 UTC] PHP  51. Illuminate\Pipeline\Pipeline->then($destination = *uninitialized*) /home/ubuntu/workspace/lessons/laravel/3-routes-views-controllers/vendor/laravel/framework/src/Illuminate/Routing/ControllerDispatcher.php:96
[16-Jun-2016 12:03:27 UTC] PHP  52. call_user_func:{/home/ubuntu/workspace/lessons/laravel/3-routes-views-controllers/vendor/laravel/framework/src/Illuminate/Pipeline/Pipeline.php:103}(*uninitialized*, *uninitialized*) /home/ubuntu/workspace/lessons/laravel/3-routes-views-controllers/vendor/laravel/framework/src/Illuminate/Pipeline/Pipeline.php:103
[16-Jun-2016 12:03:27 UTC] PHP  53. Illuminate\Routing\Pipeline->Illuminate\Routing\{closure}($passable = *uninitialized*) /home/ubuntu/workspace/lessons/laravel/3-routes-views-controllers/vendor/laravel/framework/src/Illuminate/Pipeline/Pipeline.php:103
[16-Jun-2016 12:03:27 UTC] PHP  54. call_user_func:{/home/ubuntu/workspace/lessons/laravel/3-routes-views-controllers/vendor/laravel/framework/src/Illuminate/Routing/Pipeline.php:52}(*uninitialized*, *uninitialized*) /home/ubuntu/workspace/lessons/laravel/3-routes-views-controllers/vendor/laravel/framework/src/Illuminate/Routing/Pipeline.php:52
[16-Jun-2016 12:03:27 UTC] PHP  55. Illuminate\Routing\ControllerDispatcher->Illuminate\Routing\{closure}($request = *uninitialized*) /home/ubuntu/workspace/lessons/laravel/3-routes-views-controllers/vendor/laravel/framework/src/Illuminate/Routing/Pipeline.php:52
[16-Jun-2016 12:03:27 UTC] PHP  56. Illuminate\Routing\Router->prepareResponse($request = *uninitialized*, $response = *uninitialized*) /home/ubuntu/workspace/lessons/laravel/3-routes-views-controllers/vendor/laravel/framework/src/Illuminate/Routing/ControllerDispatcher.php:95
[16-Jun-2016 12:03:27 UTC] PHP  57. Symfony\Component\HttpFoundation\Response->__construct($content = *uninitialized*, $status = *uninitialized*, $headers = *uninitialized*) /home/ubuntu/workspace/lessons/laravel/3-routes-views-controllers/vendor/laravel/framework/src/Illuminate/Routing/Router.php:1085
[16-Jun-2016 12:03:27 UTC] PHP  58. Illuminate\Http\Response->setContent($content = *uninitialized*) /home/ubuntu/workspace/lessons/laravel/3-routes-views-controllers/vendor/symfony/http-foundation/Response.php:201
[16-Jun-2016 12:03:27 UTC] PHP  59. Illuminate\View\View->render($callback = *uninitialized*) /home/ubuntu/workspace/lessons/laravel/3-routes-views-controllers/vendor/laravel/framework/src/Illuminate/Http/Response.php:53
[16-Jun-2016 12:03:27 UTC] PHP  60. Illuminate\View\View->renderContents() /home/ubuntu/workspace/lessons/laravel/3-routes-views-controllers/vendor/laravel/framework/src/Illuminate/View/View.php:85
[16-Jun-2016 12:03:27 UTC] PHP  61. Illuminate\View\View->getContents() /home/ubuntu/workspace/lessons/laravel/3-routes-views-controllers/vendor/laravel/framework/src/Illuminate/View/View.php:120
[16-Jun-2016 12:03:27 UTC] PHP  62. Illuminate\View\Engines\CompilerEngine->get($path = *uninitialized*, $data = *uninitialized*) /home/ubuntu/workspace/lessons/laravel/3-routes-views-controllers/vendor/laravel/framework/src/Illuminate/View/View.php:149
[16-Jun-2016 12:03:27 UTC] PHP  63. Illuminate\View\Engines\PhpEngine->evaluatePath($__path = *uninitialized*, $__data = *uninitialized*) /home/ubuntu/workspace/lessons/laravel/3-routes-views-controllers/vendor/laravel/framework/src/Illuminate/View/Engines/CompilerEngine.php:59
[16-Jun-2016 12:03:27 UTC] PHP  64. include() /home/ubuntu/workspace/lessons/laravel/3-routes-views-controllers/vendor/laravel/framework/src/Illuminate/View/Engines/PhpEngine.php:42
[16-Jun-2016 12:03:27 UTC] PHP  65. Illuminate\View\View->render($callback = *uninitialized*) /home/ubuntu/workspace/lessons/laravel/3-routes-views-controllers/storage/framework/views/4485412299367f82dcea96598cdde2832908c60b.php:6
[16-Jun-2016 12:03:27 UTC] PHP  66. Illuminate\View\View->renderContents() /home/ubuntu/workspace/lessons/laravel/3-routes-views-controllers/vendor/laravel/framework/src/Illuminate/View/View.php:85
[16-Jun-2016 12:03:27 UTC] PHP  67. Illuminate\View\View->getContents() /home/ubuntu/workspace/lessons/laravel/3-routes-views-controllers/vendor/laravel/framework/src/Illuminate/View/View.php:120
[16-Jun-2016 12:03:27 UTC] PHP  68. Illuminate\View\Engines\CompilerEngine->get($path = *uninitialized*, $data = *uninitialized*) /home/ubuntu/workspace/lessons/laravel/3-routes-views-controllers/vendor/laravel/framework/src/Illuminate/View/View.php:149
[16-Jun-2016 12:03:27 UTC] PHP  69. Illuminate\View\Engines\PhpEngine->evaluatePath($__path = *uninitialized*, $__data = *uninitialized*) /home/ubuntu/workspace/lessons/laravel/3-routes-views-controllers/vendor/laravel/framework/src/Illuminate/View/Engines/CompilerEngine.php:59
[16-Jun-2016 12:03:27 UTC] PHP  70. include() /home/ubuntu/workspace/lessons/laravel/3-routes-views-controllers/vendor/laravel/framework/src/Illuminate/View/Engines/PhpEngine.php:42
[22-Jun-2016 10:16:38 UTC] PHP Fatal error:  Class 'App\User\Category' not found in /home/ubuntu/workspace/lessons/laravel/3-routes-views-controllers/storage/framework/views/ebe984d0d0ed1495521debcc9dcdb01f3b039512.php on line 12
[22-Jun-2016 10:16:38 UTC] PHP Stack trace:
[22-Jun-2016 10:16:38 UTC] PHP   1. {main}() /home/ubuntu/workspace/lessons/laravel/3-routes-views-controllers/public/index.php:0
[22-Jun-2016 10:16:38 UTC] PHP   2. Illuminate\Foundation\Http\Kernel->handle($request = *uninitialized*) /home/ubuntu/workspace/lessons/laravel/3-routes-views-controllers/public/index.php:54
[22-Jun-2016 10:16:38 UTC] PHP   3. Illuminate\Foundation\Http\Kernel->sendRequestThroughRouter($request = *uninitialized*) /home/ubuntu/workspace/lessons/laravel/3-routes-views-controllers/vendor/laravel/framework/src/Illuminate/Foundation/Http/Kernel.php:99
[22-Jun-2016 10:16:38 UTC] PHP   4. Illuminate\Pipeline\Pipeline->then($destination = *uninitialized*) /home/ubuntu/workspace/lessons/laravel/3-routes-views-controllers/vendor/laravel/framework/src/Illuminate/Foundation/Http/Kernel.php:132
[22-Jun-2016 10:16:38 UTC] PHP   5. call_user_func:{/home/ubuntu/workspace/lessons/laravel/3-routes-views-controllers/vendor/laravel/framework/src/Illuminate/Pipeline/Pipeline.php:103}(*uninitialized*, *uninitialized*) /home/ubuntu/workspace/lessons/laravel/3-routes-views-controllers/vendor/laravel/framework/src/Illuminate/Pipeline/Pipeline.php:103
[22-Jun-2016 10:16:38 UTC] PHP   6. Illuminate\Routing\Pipeline->Illuminate\Routing\{closure}($passable = *uninitialized*) /home/ubuntu/workspace/lessons/laravel/3-routes-views-controllers/vendor/laravel/framework/src/Illuminate/Pipeline/Pipeline.php:103
[22-Jun-2016 10:16:38 UTC] PHP   7. call_user_func:{/home/ubuntu/workspace/lessons/laravel/3-routes-views-controllers/vendor/laravel/framework/src/Illuminate/Routing/Pipeline.php:32}(*uninitialized*, *uninitialized*) /home/ubuntu/workspace/lessons/laravel/3-routes-views-controllers/vendor/laravel/framework/src/Illuminate/Routing/Pipeline.php:32
[22-Jun-2016 10:16:38 UTC] PHP   8. Illuminate\Pipeline\Pipeline->Illuminate\Pipeline\{closure}($passable = *uninitialized*) /home/ubuntu/workspace/lessons/laravel/3-routes-views-controllers/vendor/laravel/framework/src/Illuminate/Routing/Pipeline.php:32
[22-Jun-2016 10:16:38 UTC] PHP   9. call_user_func_array:{/home/ubuntu/workspace/lessons/laravel/3-routes-views-controllers/vendor/laravel/framework/src/Illuminate/Pipeline/Pipeline.php:136}(*uninitialized*, *uninitialized*) /home/ubuntu/workspace/lessons/laravel/3-routes-views-controllers/vendor/laravel/framework/src/Illuminate/Pipeline/Pipeline.php:136
[22-Jun-2016 10:16:38 UTC] PHP  10. Illuminate\Foundation\Http\Middleware\CheckForMaintenanceMode->handle($request = *uninitialized*, $next = *uninitialized*) /home/ubuntu/workspace/lessons/laravel/3-routes-views-controllers/vendor/laravel/framework/src/Illuminate/Pipeline/Pipeline.php:136
[22-Jun-2016 10:16:38 UTC] PHP  11. Illuminate\Routing\Pipeline->Illuminate\Routing\{closure}($passable = *uninitialized*) /home/ubuntu/workspace/lessons/laravel/3-routes-views-controllers/vendor/laravel/framework/src/Illuminate/Foundation/Http/Middleware/CheckForMaintenanceMode.php:44
[22-Jun-2016 10:16:38 UTC] PHP  12. call_user_func:{/home/ubuntu/workspace/lessons/laravel/3-routes-views-controllers/vendor/laravel/framework/src/Illuminate/Routing/Pipeline.php:52}(*uninitialized*, *uninitialized*) /home/ubuntu/workspace/lessons/laravel/3-routes-views-controllers/vendor/laravel/framework/src/Illuminate/Routing/Pipeline.php:52
[22-Jun-2016 10:16:38 UTC] PHP  13. Illuminate\Foundation\Http\Kernel->Illuminate\Foundation\Http\{closure}($request = *uninitialized*) /home/ubuntu/workspace/lessons/laravel/3-routes-views-controllers/vendor/laravel/framework/src/Illuminate/Routing/Pipeline.php:52
[22-Jun-2016 10:16:38 UTC] PHP  14. Illuminate\Routing\Router->dispatch($request = *uninitialized*) /home/ubuntu/workspace/lessons/laravel/3-routes-views-controllers/vendor/laravel/framework/src/Illuminate/Foundation/Http/Kernel.php:246
[22-Jun-2016 10:16:38 UTC] PHP  15. Illuminate\Routing\Router->dispatchToRoute($request = *uninitialized*) /home/ubuntu/workspace/lessons/laravel/3-routes-views-controllers/vendor/laravel/framework/src/Illuminate/Routing/Router.php:675
[22-Jun-2016 10:16:38 UTC] PHP  16. Illuminate\Routing\Router->runRouteWithinStack($route = *uninitialized*, $request = *uninitialized*) /home/ubuntu/workspace/lessons/laravel/3-routes-views-controllers/vendor/laravel/framework/src/Illuminate/Routing/Router.php:699
[22-Jun-2016 10:16:38 UTC] PHP  17. Illuminate\Pipeline\Pipeline->then($destination = *uninitialized*) /home/ubuntu/workspace/lessons/laravel/3-routes-views-controllers/vendor/laravel/framework/src/Illuminate/Routing/Router.php:726
[22-Jun-2016 10:16:38 UTC] PHP  18. call_user_func:{/home/ubuntu/workspace/lessons/laravel/3-routes-views-controllers/vendor/laravel/framework/src/Illuminate/Pipeline/Pipeline.php:103}(*uninitialized*, *uninitialized*) /home/ubuntu/workspace/lessons/laravel/3-routes-views-controllers/vendor/laravel/framework/src/Illuminate/Pipeline/Pipeline.php:103
[22-Jun-2016 10:16:38 UTC] PHP  19. Illuminate\Routing\Pipeline->Illuminate\Routing\{closure}($passable = *uninitialized*) /home/ubuntu/workspace/lessons/laravel/3-routes-views-controllers/vendor/laravel/framework/src/Illuminate/Pipeline/Pipeline.php:103
[22-Jun-2016 10:16:38 UTC] PHP  20. call_user_func:{/home/ubuntu/workspace/lessons/laravel/3-routes-views-controllers/vendor/laravel/framework/src/Illuminate/Routing/Pipeline.php:32}(*uninitialized*, *uninitialized*) /home/ubuntu/workspace/lessons/laravel/3-routes-views-controllers/vendor/laravel/framework/src/Illuminate/Routing/Pipeline.php:32
[22-Jun-2016 10:16:38 UTC] PHP  21. Illuminate\Pipeline\Pipeline->Illuminate\Pipeline\{closure}($passable = *uninitialized*) /home/ubuntu/workspace/lessons/laravel/3-routes-views-controllers/vendor/laravel/framework/src/Illuminate/Routing/Pipeline.php:32
[22-Jun-2016 10:16:38 UTC] PHP  22. call_user_func_array:{/home/ubuntu/workspace/lessons/laravel/3-routes-views-controllers/vendor/laravel/framework/src/Illuminate/Pipeline/Pipeline.php:136}(*uninitialized*, *uninitialized*) /home/ubuntu/workspace/lessons/laravel/3-routes-views-controllers/vendor/laravel/framework/src/Illuminate/Pipeline/Pipeline.php:136
[22-Jun-2016 10:16:38 UTC] PHP  23. Illuminate\Cookie\Middleware\EncryptCookies->handle($request = *uninitialized*, $next = *uninitialized*) /home/ubuntu/workspace/lessons/laravel/3-routes-views-controllers/vendor/laravel/framework/src/Illuminate/Pipeline/Pipeline.php:136
[22-Jun-2016 10:16:38 UTC] PHP  24. Illuminate\Routing\Pipeline->Illuminate\Routing\{closure}($passable = *uninitialized*) /home/ubuntu/workspace/lessons/laravel/3-routes-views-controllers/vendor/laravel/framework/src/Illuminate/Cookie/Middleware/EncryptCookies.php:59
[22-Jun-2016 10:16:38 UTC] PHP  25. call_user_func:{/home/ubuntu/workspace/lessons/laravel/3-routes-views-controllers/vendor/laravel/framework/src/Illuminate/Routing/Pipeline.php:32}(*uninitialized*, *uninitialized*) /home/ubuntu/workspace/lessons/laravel/3-routes-views-controllers/vendor/laravel/framework/src/Illuminate/Routing/Pipeline.php:32
[22-Jun-2016 10:16:38 UTC] PHP  26. Illuminate\Pipeline\Pipeline->Illuminate\Pipeline\{closure}($passable = *uninitialized*) /home/ubuntu/workspace/lessons/laravel/3-routes-views-controllers/vendor/laravel/framework/src/Illuminate/Routing/Pipeline.php:32
[22-Jun-2016 10:16:38 UTC] PHP  27. call_user_func_array:{/home/ubuntu/workspace/lessons/laravel/3-routes-views-controllers/vendor/laravel/framework/src/Illuminate/Pipeline/Pipeline.php:136}(*uninitialized*, *uninitialized*) /home/ubuntu/workspace/lessons/laravel/3-routes-views-controllers/vendor/laravel/framework/src/Illuminate/Pipeline/Pipeline.php:136
[22-Jun-2016 10:16:38 UTC] PHP  28. Illuminate\Cookie\Middleware\AddQueuedCookiesToResponse->handle($request = *uninitialized*, $next = *uninitialized*) /home/ubuntu/workspace/lessons/laravel/3-routes-views-controllers/vendor/laravel/framework/src/Illuminate/Pipeline/Pipeline.php:136
[22-Jun-2016 10:16:38 UTC] PHP  29. Illuminate\Routing\Pipeline->Illuminate\Routing\{closure}($passable = *uninitialized*) /home/ubuntu/workspace/lessons/laravel/3-routes-views-controllers/vendor/laravel/framework/src/Illuminate/Cookie/Middleware/AddQueuedCookiesToResponse.php:37
[22-Jun-2016 10:16:38 UTC] PHP  30. call_user_func:{/home/ubuntu/workspace/lessons/laravel/3-routes-views-controllers/vendor/laravel/framework/src/Illuminate/Routing/Pipeline.php:32}(*uninitialized*, *uninitialized*) /home/ubuntu/workspace/lessons/laravel/3-routes-views-controllers/vendor/laravel/framework/src/Illuminate/Routing/Pipeline.php:32
[22-Jun-2016 10:16:38 UTC] PHP  31. Illuminate\Pipeline\Pipeline->Illuminate\Pipeline\{closure}($passable = *uninitialized*) /home/ubuntu/workspace/lessons/laravel/3-routes-views-controllers/vendor/laravel/framework/src/Illuminate/Routing/Pipeline.php:32
[22-Jun-2016 10:16:38 UTC] PHP  32. call_user_func_array:{/home/ubuntu/workspace/lessons/laravel/3-routes-views-controllers/vendor/laravel/framework/src/Illuminate/Pipeline/Pipeline.php:136}(*uninitialized*, *uninitialized*) /home/ubuntu/workspace/lessons/laravel/3-routes-views-controllers/vendor/laravel/framework/src/Illuminate/Pipeline/Pipeline.php:136
[22-Jun-2016 10:16:38 UTC] PHP  33. Illuminate\Session\Middleware\StartSession->handle($request = *uninitialized*, $next = *uninitialized*) /home/ubuntu/workspace/lessons/laravel/3-routes-views-controllers/vendor/laravel/framework/src/Illuminate/Pipeline/Pipeline.php:136
[22-Jun-2016 10:16:38 UTC] PHP  34. Illuminate\Routing\Pipeline->Illuminate\Routing\{closure}($passable = *uninitialized*) /home/ubuntu/workspace/lessons/laravel/3-routes-views-controllers/vendor/laravel/framework/src/Illuminate/Session/Middleware/StartSession.php:62
[22-Jun-2016 10:16:38 UTC] PHP  35. call_user_func:{/home/ubuntu/workspace/lessons/laravel/3-routes-views-controllers/vendor/laravel/framework/src/Illuminate/Routing/Pipeline.php:32}(*uninitialized*, *uninitialized*) /home/ubuntu/workspace/lessons/laravel/3-routes-views-controllers/vendor/laravel/framework/src/Illuminate/Routing/Pipeline.php:32
[22-Jun-2016 10:16:38 UTC] PHP  36. Illuminate\Pipeline\Pipeline->Illuminate\Pipeline\{closure}($passable = *uninitialized*) /home/ubuntu/workspace/lessons/laravel/3-routes-views-controllers/vendor/laravel/framework/src/Illuminate/Routing/Pipeline.php:32
[22-Jun-2016 10:16:38 UTC] PHP  37. call_user_func_array:{/home/ubuntu/workspace/lessons/laravel/3-routes-views-controllers/vendor/laravel/framework/src/Illuminate/Pipeline/Pipeline.php:136}(*uninitialized*, *uninitialized*) /home/ubuntu/workspace/lessons/laravel/3-routes-views-controllers/vendor/laravel/framework/src/Illuminate/Pipeline/Pipeline.php:136
[22-Jun-2016 10:16:38 UTC] PHP  38. Illuminate\View\Middleware\ShareErrorsFromSession->handle($request = *uninitialized*, $next = *uninitialized*) /home/ubuntu/workspace/lessons/laravel/3-routes-views-controllers/vendor/laravel/framework/src/Illuminate/Pipeline/Pipeline.php:136
[22-Jun-2016 10:16:38 UTC] PHP  39. Illuminate\Routing\Pipeline->Illuminate\Routing\{closure}($passable = *uninitialized*) /home/ubuntu/workspace/lessons/laravel/3-routes-views-controllers/vendor/laravel/framework/src/Illuminate/View/Middleware/ShareErrorsFromSession.php:49
[22-Jun-2016 10:16:38 UTC] PHP  40. call_user_func:{/home/ubuntu/workspace/lessons/laravel/3-routes-views-controllers/vendor/laravel/framework/src/Illuminate/Routing/Pipeline.php:32}(*uninitialized*, *uninitialized*) /home/ubuntu/workspace/lessons/laravel/3-routes-views-controllers/vendor/laravel/framework/src/Illuminate/Routing/Pipeline.php:32
[22-Jun-2016 10:16:38 UTC] PHP  41. Illuminate\Pipeline\Pipeline->Illuminate\Pipeline\{closure}($passable = *uninitialized*) /home/ubuntu/workspace/lessons/laravel/3-routes-views-controllers/vendor/laravel/framework/src/Illuminate/Routing/Pipeline.php:32
[22-Jun-2016 10:16:38 UTC] PHP  42. call_user_func_array:{/home/ubuntu/workspace/lessons/laravel/3-routes-views-controllers/vendor/laravel/framework/src/Illuminate/Pipeline/Pipeline.php:136}(*uninitialized*, *uninitialized*) /home/ubuntu/workspace/lessons/laravel/3-routes-views-controllers/vendor/laravel/framework/src/Illuminate/Pipeline/Pipeline.php:136
[22-Jun-2016 10:16:38 UTC] PHP  43. Illuminate\Foundation\Http\Middleware\VerifyCsrfToken->handle($request = *uninitialized*, $next = *uninitialized*) /home/ubuntu/workspace/lessons/laravel/3-routes-views-controllers/vendor/laravel/framework/src/Illuminate/Pipeline/Pipeline.php:136
[22-Jun-2016 10:16:38 UTC] PHP  44. Illuminate\Routing\Pipeline->Illuminate\Routing\{closure}($passable = *uninitialized*) /home/ubuntu/workspace/lessons/laravel/3-routes-views-controllers/vendor/laravel/framework/src/Illuminate/Foundation/Http/Middleware/VerifyCsrfToken.php:64
[22-Jun-2016 10:16:38 UTC] PHP  45. call_user_func:{/home/ubuntu/workspace/lessons/laravel/3-routes-views-controllers/vendor/laravel/framework/src/Illuminate/Routing/Pipeline.php:52}(*uninitialized*, *uninitialized*) /home/ubuntu/workspace/lessons/laravel/3-routes-views-controllers/vendor/laravel/framework/src/Illuminate/Routing/Pipeline.php:52
[22-Jun-2016 10:16:38 UTC] PHP  46. Illuminate\Routing\Router->Illuminate\Routing\{closure}($request = *uninitialized*) /home/ubuntu/workspace/lessons/laravel/3-routes-views-controllers/vendor/laravel/framework/src/Illuminate/Routing/Pipeline.php:52
[22-Jun-2016 10:16:38 UTC] PHP  47. Illuminate\Routing\Route->run($request = *uninitialized*) /home/ubuntu/workspace/lessons/laravel/3-routes-views-controllers/vendor/laravel/framework/src/Illuminate/Routing/Router.php:724
[22-Jun-2016 10:16:38 UTC] PHP  48. Illuminate\Routing\Route->runController($request = *uninitialized*) /home/ubuntu/workspace/lessons/laravel/3-routes-views-controllers/vendor/laravel/framework/src/Illuminate/Routing/Route.php:140
[22-Jun-2016 10:16:38 UTC] PHP  49. Illuminate\Routing\ControllerDispatcher->dispatch($route = *uninitialized*, $request = *uninitialized*, $controller = *uninitialized*, $method = *uninitialized*) /home/ubuntu/workspace/lessons/laravel/3-routes-views-controllers/vendor/laravel/framework/src/Illuminate/Routing/Route.php:174
[22-Jun-2016 10:16:38 UTC] PHP  50. Illuminate\Routing\ControllerDispatcher->callWithinStack($instance = *uninitialized*, $route = *uninitialized*, $request = *uninitialized*, $method = *uninitialized*) /home/ubuntu/workspace/lessons/laravel/3-routes-views-controllers/vendor/laravel/framework/src/Illuminate/Routing/ControllerDispatcher.php:54
[22-Jun-2016 10:16:38 UTC] PHP  51. Illuminate\Pipeline\Pipeline->then($destination = *uninitialized*) /home/ubuntu/workspace/lessons/laravel/3-routes-views-controllers/vendor/laravel/framework/src/Illuminate/Routing/ControllerDispatcher.php:96
[22-Jun-2016 10:16:38 UTC] PHP  52. call_user_func:{/home/ubuntu/workspace/lessons/laravel/3-routes-views-controllers/vendor/laravel/framework/src/Illuminate/Pipeline/Pipeline.php:103}(*uninitialized*, *uninitialized*) /home/ubuntu/workspace/lessons/laravel/3-routes-views-controllers/vendor/laravel/framework/src/Illuminate/Pipeline/Pipeline.php:103
[22-Jun-2016 10:16:38 UTC] PHP  53. Illuminate\Routing\Pipeline->Illuminate\Routing\{closure}($passable = *uninitialized*) /home/ubuntu/workspace/lessons/laravel/3-routes-views-controllers/vendor/laravel/framework/src/Illuminate/Pipeline/Pipeline.php:103
[22-Jun-2016 10:16:38 UTC] PHP  54. call_user_func:{/home/ubuntu/workspace/lessons/laravel/3-routes-views-controllers/vendor/laravel/framework/src/Illuminate/Routing/Pipeline.php:52}(*uninitialized*, *uninitialized*) /home/ubuntu/workspace/lessons/laravel/3-routes-views-controllers/vendor/laravel/framework/src/Illuminate/Routing/Pipeline.php:52
[22-Jun-2016 10:16:38 UTC] PHP  55. Illuminate\Routing\ControllerDispatcher->Illuminate\Routing\{closure}($request = *uninitialized*) /home/ubuntu/workspace/lessons/laravel/3-routes-views-controllers/vendor/laravel/framework/src/Illuminate/Routing/Pipeline.php:52
[22-Jun-2016 10:16:38 UTC] PHP  56. Illuminate\Routing\Router->prepareResponse($request = *uninitialized*, $response = *uninitialized*) /home/ubuntu/workspace/lessons/laravel/3-routes-views-controllers/vendor/laravel/framework/src/Illuminate/Routing/ControllerDispatcher.php:95
[22-Jun-2016 10:16:38 UTC] PHP  57. Symfony\Component\HttpFoundation\Response->__construct($content = *uninitialized*, $status = *uninitialized*, $headers = *uninitialized*) /home/ubuntu/workspace/lessons/laravel/3-routes-views-controllers/vendor/laravel/framework/src/Illuminate/Routing/Router.php:1085
[22-Jun-2016 10:16:38 UTC] PHP  58. Illuminate\Http\Response->setContent($content = *uninitialized*) /home/ubuntu/workspace/lessons/laravel/3-routes-views-controllers/vendor/symfony/http-foundation/Response.php:201
[22-Jun-2016 10:16:38 UTC] PHP  59. Illuminate\View\View->render($callback = *uninitialized*) /home/ubuntu/workspace/lessons/laravel/3-routes-views-controllers/vendor/laravel/framework/src/Illuminate/Http/Response.php:53
[22-Jun-2016 10:16:38 UTC] PHP  60. Illuminate\View\View->renderContents() /home/ubuntu/workspace/lessons/laravel/3-routes-views-controllers/vendor/laravel/framework/src/Illuminate/View/View.php:85
[22-Jun-2016 10:16:38 UTC] PHP  61. Illuminate\View\View->getContents() /home/ubuntu/workspace/lessons/laravel/3-routes-views-controllers/vendor/laravel/framework/src/Illuminate/View/View.php:120
[22-Jun-2016 10:16:38 UTC] PHP  62. Illuminate\View\Engines\CompilerEngine->get($path = *uninitialized*, $data = *uninitialized*) /home/ubuntu/workspace/lessons/laravel/3-routes-views-controllers/vendor/laravel/framework/src/Illuminate/View/View.php:149
[22-Jun-2016 10:16:38 UTC] PHP  63. Illuminate\View\Engines\PhpEngine->evaluatePath($__path = *uninitialized*, $__data = *uninitialized*) /home/ubuntu/workspace/lessons/laravel/3-routes-views-controllers/vendor/laravel/framework/src/Illuminate/View/Engines/CompilerEngine.php:59
[22-Jun-2016 10:16:38 UTC] PHP  64. include() /home/ubuntu/workspace/lessons/laravel/3-routes-views-controllers/vendor/laravel/framework/src/Illuminate/View/Engines/PhpEngine.php:42
[22-Jun-2016 10:16:38 UTC] PHP  65. Illuminate\View\View->render($callback = *uninitialized*) /home/ubuntu/workspace/lessons/laravel/3-routes-views-controllers/storage/framework/views/4485412299367f82dcea96598cdde2832908c60b.php:12
[22-Jun-2016 10:16:38 UTC] PHP  66. Illuminate\View\View->renderContents() /home/ubuntu/workspace/lessons/laravel/3-routes-views-controllers/vendor/laravel/framework/src/Illuminate/View/View.php:85
[22-Jun-2016 10:16:38 UTC] PHP  67. Illuminate\View\View->getContents() /home/ubuntu/workspace/lessons/laravel/3-routes-views-controllers/vendor/laravel/framework/src/Illuminate/View/View.php:120
[22-Jun-2016 10:16:38 UTC] PHP  68. Illuminate\View\Engines\CompilerEngine->get($path = *uninitialized*, $data = *uninitialized*) /home/ubuntu/workspace/lessons/laravel/3-routes-views-controllers/vendor/laravel/framework/src/Illuminate/View/View.php:149
[22-Jun-2016 10:16:38 UTC] PHP  69. Illuminate\View\Engines\PhpEngine->evaluatePath($__path = *uninitialized*, $__data = *uninitialized*) /home/ubuntu/workspace/lessons/laravel/3-routes-views-controllers/vendor/laravel/framework/src/Illuminate/View/Engines/CompilerEngine.php:59
[22-Jun-2016 10:16:38 UTC] PHP  70. include() /home/ubuntu/workspace/lessons/laravel/3-routes-views-controllers/vendor/laravel/framework/src/Illuminate/View/Engines/PhpEngine.php:42
[22-Jun-2016 10:16:38 UTC] PHP  71. Illuminate\View\View->render($callback = *uninitialized*) /home/ubuntu/workspace/lessons/laravel/3-routes-views-controllers/storage/framework/views/54b4b46c6ca1b527e06d6c7d73b6efd3b6b2efc3.php:100
[22-Jun-2016 10:16:38 UTC] PHP  72. Illuminate\View\View->renderContents() /home/ubuntu/workspace/lessons/laravel/3-routes-views-controllers/vendor/laravel/framework/src/Illuminate/View/View.php:85
[22-Jun-2016 10:16:38 UTC] PHP  73. Illuminate\View\View->getContents() /home/ubuntu/workspace/lessons/laravel/3-routes-views-controllers/vendor/laravel/framework/src/Illuminate/View/View.php:120
[22-Jun-2016 10:16:38 UTC] PHP  74. Illuminate\View\Engines\CompilerEngine->get($path = *uninitialized*, $data = *uninitialized*) /home/ubuntu/workspace/lessons/laravel/3-routes-views-controllers/vendor/laravel/framework/src/Illuminate/View/View.php:149
[22-Jun-2016 10:16:38 UTC] PHP  75. Illuminate\View\Engines\PhpEngine->evaluatePath($__path = *uninitialized*, $__data = *uninitialized*) /home/ubuntu/workspace/lessons/laravel/3-routes-views-controllers/vendor/laravel/framework/src/Illuminate/View/Engines/CompilerEngine.php:59
[22-Jun-2016 10:16:38 UTC] PHP  76. include() /home/ubuntu/workspace/lessons/laravel/3-routes-views-controllers/vendor/laravel/framework/src/Illuminate/View/Engines/PhpEngine.php:42
[18-Jul-2016 13:21:42 UTC] PHP Fatal error:  Class 'App\Http\Controllers\Post' not found in /home/ubuntu/workspace/lessons/laravel/3-routes-views-controllers/app/Http/Controllers/BlogController.php on line 16
[18-Jul-2016 13:21:42 UTC] PHP Stack trace:
[18-Jul-2016 13:21:42 UTC] PHP   1. {main}() /home/ubuntu/workspace/lessons/laravel/3-routes-views-controllers/public/index.php:0
[18-Jul-2016 13:21:42 UTC] PHP   2. Illuminate\Foundation\Http\Kernel->handle($request = *uninitialized*) /home/ubuntu/workspace/lessons/laravel/3-routes-views-controllers/public/index.php:54
[18-Jul-2016 13:21:42 UTC] PHP   3. Illuminate\Foundation\Http\Kernel->sendRequestThroughRouter($request = *uninitialized*) /home/ubuntu/workspace/lessons/laravel/3-routes-views-controllers/vendor/laravel/framework/src/Illuminate/Foundation/Http/Kernel.php:99
[18-Jul-2016 13:21:42 UTC] PHP   4. Illuminate\Pipeline\Pipeline->then($destination = *uninitialized*) /home/ubuntu/workspace/lessons/laravel/3-routes-views-controllers/vendor/laravel/framework/src/Illuminate/Foundation/Http/Kernel.php:132
[18-Jul-2016 13:21:42 UTC] PHP   5. call_user_func:{/home/ubuntu/workspace/lessons/laravel/3-routes-views-controllers/vendor/laravel/framework/src/Illuminate/Pipeline/Pipeline.php:103}(*uninitialized*, *uninitialized*) /home/ubuntu/workspace/lessons/laravel/3-routes-views-controllers/vendor/laravel/framework/src/Illuminate/Pipeline/Pipeline.php:103
[18-Jul-2016 13:21:42 UTC] PHP   6. Illuminate\Routing\Pipeline->Illuminate\Routing\{closure}($passable = *uninitialized*) /home/ubuntu/workspace/lessons/laravel/3-routes-views-controllers/vendor/laravel/framework/src/Illuminate/Pipeline/Pipeline.php:103
[18-Jul-2016 13:21:42 UTC] PHP   7. call_user_func:{/home/ubuntu/workspace/lessons/laravel/3-routes-views-controllers/vendor/laravel/framework/src/Illuminate/Routing/Pipeline.php:32}(*uninitialized*, *uninitialized*) /home/ubuntu/workspace/lessons/laravel/3-routes-views-controllers/vendor/laravel/framework/src/Illuminate/Routing/Pipeline.php:32
[18-Jul-2016 13:21:42 UTC] PHP   8. Illuminate\Pipeline\Pipeline->Illuminate\Pipeline\{closure}($passable = *uninitialized*) /home/ubuntu/workspace/lessons/laravel/3-routes-views-controllers/vendor/laravel/framework/src/Illuminate/Routing/Pipeline.php:32
[18-Jul-2016 13:21:42 UTC] PHP   9. call_user_func_array:{/home/ubuntu/workspace/lessons/laravel/3-routes-views-controllers/vendor/laravel/framework/src/Illuminate/Pipeline/Pipeline.php:136}(*uninitialized*, *uninitialized*) /home/ubuntu/workspace/lessons/laravel/3-routes-views-controllers/vendor/laravel/framework/src/Illuminate/Pipeline/Pipeline.php:136
[18-Jul-2016 13:21:42 UTC] PHP  10. Illuminate\Foundation\Http\Middleware\CheckForMaintenanceMode->handle($request = *uninitialized*, $next = *uninitialized*) /home/ubuntu/workspace/lessons/laravel/3-routes-views-controllers/vendor/laravel/framework/src/Illuminate/Pipeline/Pipeline.php:136
[18-Jul-2016 13:21:42 UTC] PHP  11. Illuminate\Routing\Pipeline->Illuminate\Routing\{closure}($passable = *uninitialized*) /home/ubuntu/workspace/lessons/laravel/3-routes-views-controllers/vendor/laravel/framework/src/Illuminate/Foundation/Http/Middleware/CheckForMaintenanceMode.php:44
[18-Jul-2016 13:21:42 UTC] PHP  12. call_user_func:{/home/ubuntu/workspace/lessons/laravel/3-routes-views-controllers/vendor/laravel/framework/src/Illuminate/Routing/Pipeline.php:52}(*uninitialized*, *uninitialized*) /home/ubuntu/workspace/lessons/laravel/3-routes-views-controllers/vendor/laravel/framework/src/Illuminate/Routing/Pipeline.php:52
[18-Jul-2016 13:21:42 UTC] PHP  13. Illuminate\Foundation\Http\Kernel->Illuminate\Foundation\Http\{closure}($request = *uninitialized*) /home/ubuntu/workspace/lessons/laravel/3-routes-views-controllers/vendor/laravel/framework/src/Illuminate/Routing/Pipeline.php:52
[18-Jul-2016 13:21:42 UTC] PHP  14. Illuminate\Routing\Router->dispatch($request = *uninitialized*) /home/ubuntu/workspace/lessons/laravel/3-routes-views-controllers/vendor/laravel/framework/src/Illuminate/Foundation/Http/Kernel.php:246
[18-Jul-2016 13:21:42 UTC] PHP  15. Illuminate\Routing\Router->dispatchToRoute($request = *uninitialized*) /home/ubuntu/workspace/lessons/laravel/3-routes-views-controllers/vendor/laravel/framework/src/Illuminate/Routing/Router.php:675
[18-Jul-2016 13:21:42 UTC] PHP  16. Illuminate\Routing\Router->runRouteWithinStack($route = *uninitialized*, $request = *uninitialized*) /home/ubuntu/workspace/lessons/laravel/3-routes-views-controllers/vendor/laravel/framework/src/Illuminate/Routing/Router.php:699
[18-Jul-2016 13:21:42 UTC] PHP  17. Illuminate\Pipeline\Pipeline->then($destination = *uninitialized*) /home/ubuntu/workspace/lessons/laravel/3-routes-views-controllers/vendor/laravel/framework/src/Illuminate/Routing/Router.php:726
[18-Jul-2016 13:21:42 UTC] PHP  18. call_user_func:{/home/ubuntu/workspace/lessons/laravel/3-routes-views-controllers/vendor/laravel/framework/src/Illuminate/Pipeline/Pipeline.php:103}(*uninitialized*, *uninitialized*) /home/ubuntu/workspace/lessons/laravel/3-routes-views-controllers/vendor/laravel/framework/src/Illuminate/Pipeline/Pipeline.php:103
[18-Jul-2016 13:21:42 UTC] PHP  19. Illuminate\Routing\Pipeline->Illuminate\Routing\{closure}($passable = *uninitialized*) /home/ubuntu/workspace/lessons/laravel/3-routes-views-controllers/vendor/laravel/framework/src/Illuminate/Pipeline/Pipeline.php:103
[18-Jul-2016 13:21:42 UTC] PHP  20. call_user_func:{/home/ubuntu/workspace/lessons/laravel/3-routes-views-controllers/vendor/laravel/framework/src/Illuminate/Routing/Pipeline.php:32}(*uninitialized*, *uninitialized*) /home/ubuntu/workspace/lessons/laravel/3-routes-views-controllers/vendor/laravel/framework/src/Illuminate/Routing/Pipeline.php:32
[18-Jul-2016 13:21:42 UTC] PHP  21. Illuminate\Pipeline\Pipeline->Illuminate\Pipeline\{closure}($passable = *uninitialized*) /home/ubuntu/workspace/lessons/laravel/3-routes-views-controllers/vendor/laravel/framework/src/Illuminate/Routing/Pipeline.php:32
[18-Jul-2016 13:21:42 UTC] PHP  22. call_user_func_array:{/home/ubuntu/workspace/lessons/laravel/3-routes-views-controllers/vendor/laravel/framework/src/Illuminate/Pipeline/Pipeline.php:136}(*uninitialized*, *uninitialized*) /home/ubuntu/workspace/lessons/laravel/3-routes-views-controllers/vendor/laravel/framework/src/Illuminate/Pipeline/Pipeline.php:136
[18-Jul-2016 13:21:42 UTC] PHP  23. Illuminate\Cookie\Middleware\EncryptCookies->handle($request = *uninitialized*, $next = *uninitialized*) /home/ubuntu/workspace/lessons/laravel/3-routes-views-controllers/vendor/laravel/framework/src/Illuminate/Pipeline/Pipeline.php:136
[18-Jul-2016 13:21:42 UTC] PHP  24. Illuminate\Routing\Pipeline->Illuminate\Routing\{closure}($passable = *uninitialized*) /home/ubuntu/workspace/lessons/laravel/3-routes-views-controllers/vendor/laravel/framework/src/Illuminate/Cookie/Middleware/EncryptCookies.php:59
[18-Jul-2016 13:21:42 UTC] PHP  25. call_user_func:{/home/ubuntu/workspace/lessons/laravel/3-routes-views-controllers/vendor/laravel/framework/src/Illuminate/Routing/Pipeline.php:32}(*uninitialized*, *uninitialized*) /home/ubuntu/workspace/lessons/laravel/3-routes-views-controllers/vendor/laravel/framework/src/Illuminate/Routing/Pipeline.php:32
[18-Jul-2016 13:21:42 UTC] PHP  26. Illuminate\Pipeline\Pipeline->Illuminate\Pipeline\{closure}($passable = *uninitialized*) /home/ubuntu/workspace/lessons/laravel/3-routes-views-controllers/vendor/laravel/framework/src/Illuminate/Routing/Pipeline.php:32
[18-Jul-2016 13:21:42 UTC] PHP  27. call_user_func_array:{/home/ubuntu/workspace/lessons/laravel/3-routes-views-controllers/vendor/laravel/framework/src/Illuminate/Pipeline/Pipeline.php:136}(*uninitialized*, *uninitialized*) /home/ubuntu/workspace/lessons/laravel/3-routes-views-controllers/vendor/laravel/framework/src/Illuminate/Pipeline/Pipeline.php:136
[18-Jul-2016 13:21:42 UTC] PHP  28. Illuminate\Cookie\Middleware\AddQueuedCookiesToResponse->handle($request = *uninitialized*, $next = *uninitialized*) /home/ubuntu/workspace/lessons/laravel/3-routes-views-controllers/vendor/laravel/framework/src/Illuminate/Pipeline/Pipeline.php:136
[18-Jul-2016 13:21:42 UTC] PHP  29. Illuminate\Routing\Pipeline->Illuminate\Routing\{closure}($passable = *uninitialized*) /home/ubuntu/workspace/lessons/laravel/3-routes-views-controllers/vendor/laravel/framework/src/Illuminate/Cookie/Middleware/AddQueuedCookiesToResponse.php:37
[18-Jul-2016 13:21:42 UTC] PHP  30. call_user_func:{/home/ubuntu/workspace/lessons/laravel/3-routes-views-controllers/vendor/laravel/framework/src/Illuminate/Routing/Pipeline.php:32}(*uninitialized*, *uninitialized*) /home/ubuntu/workspace/lessons/laravel/3-routes-views-controllers/vendor/laravel/framework/src/Illuminate/Routing/Pipeline.php:32
[18-Jul-2016 13:21:42 UTC] PHP  31. Illuminate\Pipeline\Pipeline->Illuminate\Pipeline\{closure}($passable = *uninitialized*) /home/ubuntu/workspace/lessons/laravel/3-routes-views-controllers/vendor/laravel/framework/src/Illuminate/Routing/Pipeline.php:32
[18-Jul-2016 13:21:42 UTC] PHP  32. call_user_func_array:{/home/ubuntu/workspace/lessons/laravel/3-routes-views-controllers/vendor/laravel/framework/src/Illuminate/Pipeline/Pipeline.php:136}(*uninitialized*, *uninitialized*) /home/ubuntu/workspace/lessons/laravel/3-routes-views-controllers/vendor/laravel/framework/src/Illuminate/Pipeline/Pipeline.php:136
[18-Jul-2016 13:21:42 UTC] PHP  33. Illuminate\Session\Middleware\StartSession->handle($request = *uninitialized*, $next = *uninitialized*) /home/ubuntu/workspace/lessons/laravel/3-routes-views-controllers/vendor/laravel/framework/src/Illuminate/Pipeline/Pipeline.php:136
[18-Jul-2016 13:21:42 UTC] PHP  34. Illuminate\Routing\Pipeline->Illuminate\Routing\{closure}($passable = *uninitialized*) /home/ubuntu/workspace/lessons/laravel/3-routes-views-controllers/vendor/laravel/framework/src/Illuminate/Session/Middleware/StartSession.php:62
[18-Jul-2016 13:21:42 UTC] PHP  35. call_user_func:{/home/ubuntu/workspace/lessons/laravel/3-routes-views-controllers/vendor/laravel/framework/src/Illuminate/Routing/Pipeline.php:32}(*uninitialized*, *uninitialized*) /home/ubuntu/workspace/lessons/laravel/3-routes-views-controllers/vendor/laravel/framework/src/Illuminate/Routing/Pipeline.php:32
[18-Jul-2016 13:21:42 UTC] PHP  36. Illuminate\Pipeline\Pipeline->Illuminate\Pipeline\{closure}($passable = *uninitialized*) /home/ubuntu/workspace/lessons/laravel/3-routes-views-controllers/vendor/laravel/framework/src/Illuminate/Routing/Pipeline.php:32
[18-Jul-2016 13:21:42 UTC] PHP  37. call_user_func_array:{/home/ubuntu/workspace/lessons/laravel/3-routes-views-controllers/vendor/laravel/framework/src/Illuminate/Pipeline/Pipeline.php:136}(*uninitialized*, *uninitialized*) /home/ubuntu/workspace/lessons/laravel/3-routes-views-controllers/vendor/laravel/framework/src/Illuminate/Pipeline/Pipeline.php:136
[18-Jul-2016 13:21:42 UTC] PHP  38. Illuminate\View\Middleware\ShareErrorsFromSession->handle($request = *uninitialized*, $next = *uninitialized*) /home/ubuntu/workspace/lessons/laravel/3-routes-views-controllers/vendor/laravel/framework/src/Illuminate/Pipeline/Pipeline.php:136
[18-Jul-2016 13:21:42 UTC] PHP  39. Illuminate\Routing\Pipeline->Illuminate\Routing\{closure}($passable = *uninitialized*) /home/ubuntu/workspace/lessons/laravel/3-routes-views-controllers/vendor/laravel/framework/src/Illuminate/View/Middleware/ShareErrorsFromSession.php:49
[18-Jul-2016 13:21:42 UTC] PHP  40. call_user_func:{/home/ubuntu/workspace/lessons/laravel/3-routes-views-controllers/vendor/laravel/framework/src/Illuminate/Routing/Pipeline.php:32}(*uninitialized*, *uninitialized*) /home/ubuntu/workspace/lessons/laravel/3-routes-views-controllers/vendor/laravel/framework/src/Illuminate/Routing/Pipeline.php:32
[18-Jul-2016 13:21:42 UTC] PHP  41. Illuminate\Pipeline\Pipeline->Illuminate\Pipeline\{closure}($passable = *uninitialized*) /home/ubuntu/workspace/lessons/laravel/3-routes-views-controllers/vendor/laravel/framework/src/Illuminate/Routing/Pipeline.php:32
[18-Jul-2016 13:21:42 UTC] PHP  42. call_user_func_array:{/home/ubuntu/workspace/lessons/laravel/3-routes-views-controllers/vendor/laravel/framework/src/Illuminate/Pipeline/Pipeline.php:136}(*uninitialized*, *uninitialized*) /home/ubuntu/workspace/lessons/laravel/3-routes-views-controllers/vendor/laravel/framework/src/Illuminate/Pipeline/Pipeline.php:136
[18-Jul-2016 13:21:42 UTC] PHP  43. Illuminate\Foundation\Http\Middleware\VerifyCsrfToken->handle($request = *uninitialized*, $next = *uninitialized*) /home/ubuntu/workspace/lessons/laravel/3-routes-views-controllers/vendor/laravel/framework/src/Illuminate/Pipeline/Pipeline.php:136
[18-Jul-2016 13:21:42 UTC] PHP  44. Illuminate\Routing\Pipeline->Illuminate\Routing\{closure}($passable = *uninitialized*) /home/ubuntu/workspace/lessons/laravel/3-routes-views-controllers/vendor/laravel/framework/src/Illuminate/Foundation/Http/Middleware/VerifyCsrfToken.php:64
[18-Jul-2016 13:21:42 UTC] PHP  45. call_user_func:{/home/ubuntu/workspace/lessons/laravel/3-routes-views-controllers/vendor/laravel/framework/src/Illuminate/Routing/Pipeline.php:52}(*uninitialized*, *uninitialized*) /home/ubuntu/workspace/lessons/laravel/3-routes-views-controllers/vendor/laravel/framework/src/Illuminate/Routing/Pipeline.php:52
[18-Jul-2016 13:21:42 UTC] PHP  46. Illuminate\Routing\Router->Illuminate\Routing\{closure}($request = *uninitialized*) /home/ubuntu/workspace/lessons/laravel/3-routes-views-controllers/vendor/laravel/framework/src/Illuminate/Routing/Pipeline.php:52
[18-Jul-2016 13:21:42 UTC] PHP  47. Illuminate\Routing\Route->run($request = *uninitialized*) /home/ubuntu/workspace/lessons/laravel/3-routes-views-controllers/vendor/laravel/framework/src/Illuminate/Routing/Router.php:724
[18-Jul-2016 13:21:42 UTC] PHP  48. Illuminate\Routing\Route->runController($request = *uninitialized*) /home/ubuntu/workspace/lessons/laravel/3-routes-views-controllers/vendor/laravel/framework/src/Illuminate/Routing/Route.php:140
[18-Jul-2016 13:21:42 UTC] PHP  49. Illuminate\Routing\ControllerDispatcher->dispatch($route = *uninitialized*, $request = *uninitialized*, $controller = *uninitialized*, $method = *uninitialized*) /home/ubuntu/workspace/lessons/laravel/3-routes-views-controllers/vendor/laravel/framework/src/Illuminate/Routing/Route.php:174
[18-Jul-2016 13:21:42 UTC] PHP  50. Illuminate\Routing\ControllerDispatcher->callWithinStack($instance = *uninitialized*, $route = *uninitialized*, $request = *uninitialized*, $method = *uninitialized*) /home/ubuntu/workspace/lessons/laravel/3-routes-views-controllers/vendor/laravel/framework/src/Illuminate/Routing/ControllerDispatcher.php:54
[18-Jul-2016 13:21:42 UTC] PHP  51. Illuminate\Pipeline\Pipeline->then($destination = *uninitialized*) /home/ubuntu/workspace/lessons/laravel/3-routes-views-controllers/vendor/laravel/framework/src/Illuminate/Routing/ControllerDispatcher.php:96
[18-Jul-2016 13:21:42 UTC] PHP  52. call_user_func:{/home/ubuntu/workspace/lessons/laravel/3-routes-views-controllers/vendor/laravel/framework/src/Illuminate/Pipeline/Pipeline.php:103}(*uninitialized*, *uninitialized*) /home/ubuntu/workspace/lessons/laravel/3-routes-views-controllers/vendor/laravel/framework/src/Illuminate/Pipeline/Pipeline.php:103
[18-Jul-2016 13:21:42 UTC] PHP  53. Illuminate\Routing\Pipeline->Illuminate\Routing\{closure}($passable = *uninitialized*) /home/ubuntu/workspace/lessons/laravel/3-routes-views-controllers/vendor/laravel/framework/src/Illuminate/Pipeline/Pipeline.php:103
[18-Jul-2016 13:21:42 UTC] PHP  54. call_user_func:{/home/ubuntu/workspace/lessons/laravel/3-routes-views-controllers/vendor/laravel/framework/src/Illuminate/Routing/Pipeline.php:52}(*uninitialized*, *uninitialized*) /home/ubuntu/workspace/lessons/laravel/3-routes-views-controllers/vendor/laravel/framework/src/Illuminate/Routing/Pipeline.php:52
[18-Jul-2016 13:21:42 UTC] PHP  55. Illuminate\Routing\ControllerDispatcher->Illuminate\Routing\{closure}($request = *uninitialized*) /home/ubuntu/workspace/lessons/laravel/3-routes-views-controllers/vendor/laravel/framework/src/Illuminate/Routing/Pipeline.php:52
[18-Jul-2016 13:21:42 UTC] PHP  56. Illuminate\Routing\ControllerDispatcher->call($instance = *uninitialized*, $route = *uninitialized*, $method = *uninitialized*) /home/ubuntu/workspace/lessons/laravel/3-routes-views-controllers/vendor/laravel/framework/src/Illuminate/Routing/ControllerDispatcher.php:94
[18-Jul-2016 13:21:42 UTC] PHP  57. Illuminate\Routing\Controller->callAction($method = *uninitialized*, $parameters = *uninitialized*) /home/ubuntu/workspace/lessons/laravel/3-routes-views-controllers/vendor/laravel/framework/src/Illuminate/Routing/ControllerDispatcher.php:146
[18-Jul-2016 13:21:42 UTC] PHP  58. call_user_func_array:{/home/ubuntu/workspace/lessons/laravel/3-routes-views-controllers/vendor/laravel/framework/src/Illuminate/Routing/Controller.php:80}(*uninitialized*, *uninitialized*) /home/ubuntu/workspace/lessons/laravel/3-routes-views-controllers/vendor/laravel/framework/src/Illuminate/Routing/Controller.php:80
[18-Jul-2016 13:21:42 UTC] PHP  59. App\Http\Controllers\BlogController->index() /home/ubuntu/workspace/lessons/laravel/3-routes-views-controllers/vendor/laravel/framework/src/Illuminate/Routing/Controller.php:80
[18-Jul-2016 13:21:42 UTC] PHP  60. App\Http\Controllers\BlogController->postList($page = *uninitialized*) /home/ubuntu/workspace/lessons/laravel/3-routes-views-controllers/app/Http/Controllers/BlogController.php:12
